[2025-02-22 15:05:46.022] [INFO] Nouveau fichier de log créé: src/logs/database_2025-02-22_15-05-46.log
[2025-02-22 15:05:46.030] [INFO] Configuration chargée avec succès. URL de la base: jdbc:sqlite:db/db_test.db
[2025-02-22 15:05:46.221] [INFO] Connexion à SQLite établie avec succès
[2025-02-22 15:05:46.226] [INFO] Requête : " INSERT INTO employees (nom, age) VALUES (?, ?) "
Params[nom, 12]
[2025-02-22 15:05:46.237] [INFO] Insertion réussie: 1 ligne(s) affectée(s)
[2025-02-22 15:05:46.238] [INFO] Connexion fermée avec succès
[2025-02-22 15:05:47.652] [INFO] Connexion à SQLite établie avec succès
[2025-02-22 15:05:47.653] [INFO] Requête : " SELECT * FROM employees "
Params[]
[2025-02-22 15:05:47.658] [INFO] Requête SELECT exécutée avec succès, 7 résultats récupérés
[2025-02-22 15:05:47.658] [INFO] Connexion fermée avec succès
[2025-02-22 15:05:59.954] [INFO] Connexion à SQLite établie avec succès
[2025-02-22 15:05:59.954] [INFO] Requête : " INSERT INTO employees (nom, age) VALUES (?, ?) "
Params[Ylies, 5000]
[2025-02-22 15:05:59.965] [INFO] Insertion réussie: 1 ligne(s) affectée(s)
[2025-02-22 15:05:59.965] [INFO] Connexion fermée avec succès
[2025-02-22 15:06:01.112] [INFO] Connexion à SQLite établie avec succès
[2025-02-22 15:06:01.113] [INFO] Requête : " SELECT * FROM employees "
Params[]
[2025-02-22 15:06:01.115] [INFO] Requête SELECT exécutée avec succès, 8 résultats récupérés
[2025-02-22 15:06:01.115] [INFO] Connexion fermée avec succès
