[2025-02-22 15:02:57.438] [INFO] Nouveau fichier de log créé: src/logs/database_2025-02-22_15-02-57.log
[2025-02-22 15:02:57.450] [INFO] Configuration chargée avec succès. URL de la base: jdbc:sqlite:db/db_test.db
[2025-02-22 15:02:57.685] [INFO] Connexion à SQLite établie avec succès
[2025-02-22 15:02:57.698] [INFO] Requête : " INSERT INTO employees (nom, prenom, departement) VALUES (?, ?, ?) "
Params[Ylies, Nejara, IT]
[2025-02-22 15:02:57.715] [INFO] Insertion réussie: 1 ligne(s) affectée(s)
[2025-02-22 15:02:57.717] [INFO] Connexion fermée avec succès
[2025-02-22 15:02:57.719] [INFO] Connexion à SQLite établie avec succès
[2025-02-22 15:02:57.719] [INFO] Requête : " INSERT INTO employees (nom, prenom, departement) VALUES (?, ?, ?) "
Params[null, TEST, IT]
[2025-02-22 15:02:57.726] [INFO] Insertion réussie: 1 ligne(s) affectée(s)
[2025-02-22 15:02:57.727] [INFO] Connexion fermée avec succès
[2025-02-22 15:02:57.729] [INFO] Connexion à SQLite établie avec succès
[2025-02-22 15:02:57.737] [SEVERE] Erreur SQL lors de l'insertion - Code: 1, État: null, Message: [SQLITE_ERROR] SQL error or missing database (table employees has no column named colonne_inexistante)
Exception: org.sqlite.SQLiteException: [SQLITE_ERROR] SQL error or missing database (table employees has no column named colonne_inexistante)
	at org.sqlite.core.DB.newSQLException(DB.java:1179)
	at org.sqlite.core.DB.newSQLException(DB.java:1190)
	at org.sqlite.core.DB.throwex(DB.java:1150)
	at org.sqlite.core.NativeDB.prepare_utf8(Native Method)
	at org.sqlite.core.NativeDB.prepare(NativeDB.java:135)
	at org.sqlite.core.DB.prepare(DB.java:264)
	at org.sqlite.core.CorePreparedStatement.<init>(CorePreparedStatement.java:46)
	at org.sqlite.jdbc3.JDBC3PreparedStatement.<init>(JDBC3PreparedStatement.java:32)
	at org.sqlite.jdbc4.JDBC4PreparedStatement.<init>(JDBC4PreparedStatement.java:25)
	at org.sqlite.jdbc4.JDBC4Connection.prepareStatement(JDBC4Connection.java:34)
	at org.sqlite.jdbc3.JDBC3Connection.prepareStatement(JDBC3Connection.java:225)
	at org.sqlite.jdbc3.JDBC3Connection.prepareStatement(JDBC3Connection.java:205)
	at ConnectSqLite.executeInsert(ConnectSqLite.java:209)
	at App_test.main(App_test.java:38)
[2025-02-22 15:02:57.738] [WARNING] Erreur de syntaxe dans la requête
[2025-02-22 15:02:57.738] [WARNING] Requête : " INSERT INTO employees (colonne_inexistante) VALUES (?) "
Params[test]
[2025-02-22 15:02:57.738] [INFO] Connexion fermée avec succès
[2025-02-22 15:02:57.739] [INFO] Connexion à SQLite établie avec succès
[2025-02-22 15:02:57.740] [INFO] Requête : " SELECT * FROM employees WHERE departement = ? AND statut = ? "
Params[IT, 1]
[2025-02-22 15:02:57.740] [INFO] Requête SELECT exécutée avec succès
[2025-02-22 15:02:57.741] [INFO] Connexion à SQLite établie avec succès
[2025-02-22 15:02:57.742] [INFO] Requête : " SELECT nom, prenom, salaire, departement FROM employees WHERE salaire > ? "
Params[50000.0]
[2025-02-22 15:02:57.742] [INFO] Requête SELECT exécutée avec succès, 0 résultats récupérés
[2025-02-22 15:02:57.743] [INFO] Connexion fermée avec succès
[2025-02-22 15:02:57.743] [INFO] Connexion à SQLite établie avec succès
[2025-02-22 15:02:57.744] [INFO] Requête : " UPDATE employees SET salaire = ? WHERE id = ? "
Params[60000.0, 1]
[2025-02-22 15:02:57.744] [WARNING] Aucune ligne modifiée
[2025-02-22 15:02:57.744] [INFO] Connexion fermée avec succès
[2025-02-22 15:02:57.745] [INFO] Connexion à SQLite établie avec succès
[2025-02-22 15:02:57.745] [INFO] Requête : " UPDATE employees SET salaire = salaire * 1.1 WHERE departement = ? "
Params[IT]
[2025-02-22 15:02:57.746] [INFO] Mise à jour réussie: 6 ligne(s) modifiée(s)
[2025-02-22 15:02:57.746] [INFO] Connexion fermée avec succès
[2025-02-22 15:02:57.747] [INFO] Connexion à SQLite établie avec succès
[2025-02-22 15:02:57.748] [INFO] Requête : " DELETE FROM employees WHERE id = ? "
Params[6]
[2025-02-22 15:02:57.748] [WARNING] Aucune ligne supprimée
[2025-02-22 15:02:57.748] [INFO] Connexion fermée avec succès
[2025-02-22 15:02:57.749] [INFO] Connexion à SQLite établie avec succès
[2025-02-22 15:02:57.749] [INFO] Requête : " DELETE FROM employees WHERE statut = ? "
Params[1]
[2025-02-22 15:02:57.750] [WARNING] Aucune ligne supprimée
[2025-02-22 15:02:57.750] [INFO] Connexion fermée avec succès
