[2025-02-22 13:24:07.438] [INFO] Configuration chargée avec succès. URL de la base: jdbc:sqlite:db/db_test.db
[2025-02-22 13:24:07.663] [INFO] Connexion à SQLite établie avec succès
[2025-02-22 13:24:07.675] [INFO] Requête : " INSERT INTO employees (nom, prenom, departement) VALUES (?, ?, ?) " + params[Ylies, Nejara, IT]
[2025-02-22 13:24:07.690] [INFO] Insertion réussie: 1 ligne(s) affectée(s)
[2025-02-22 13:24:07.691] [INFO] Connexion fermée avec succès
[2025-02-22 13:24:07.692] [INFO] Connexion à SQLite établie avec succès
[2025-02-22 13:24:07.692] [INFO] Requête : " INSERT INTO employees (nom, prenom, departement) VALUES (?, ?, ?) " + params[null, TEST, IT]
[2025-02-22 13:24:07.700] [INFO] Insertion réussie: 1 ligne(s) affectée(s)
[2025-02-22 13:24:07.700] [INFO] Connexion fermée avec succès
[2025-02-22 13:24:07.701] [INFO] Connexion à SQLite établie avec succès
[2025-02-22 13:24:07.708] [SEVERE] Erreur SQL lors de l'insertion - Code: 1, État: null, Message: [SQLITE_ERROR] SQL error or missing database (table employees has no column named colonne_inexistante)
Exception: org.sqlite.SQLiteException: [SQLITE_ERROR] SQL error or missing database (table employees has no column named colonne_inexistante)
	at org.sqlite.core.DB.newSQLException(DB.java:1179)
	at org.sqlite.core.DB.newSQLException(DB.java:1190)
	at org.sqlite.core.DB.throwex(DB.java:1150)
	at org.sqlite.core.NativeDB.prepare_utf8(Native Method)
	at org.sqlite.core.NativeDB.prepare(NativeDB.java:135)
	at org.sqlite.core.DB.prepare(DB.java:264)
	at org.sqlite.core.CorePreparedStatement.<init>(CorePreparedStatement.java:46)
	at org.sqlite.jdbc3.JDBC3PreparedStatement.<init>(JDBC3PreparedStatement.java:32)
	at org.sqlite.jdbc4.JDBC4PreparedStatement.<init>(JDBC4PreparedStatement.java:25)
	at org.sqlite.jdbc4.JDBC4Connection.prepareStatement(JDBC4Connection.java:34)
	at org.sqlite.jdbc3.JDBC3Connection.prepareStatement(JDBC3Connection.java:225)
	at org.sqlite.jdbc3.JDBC3Connection.prepareStatement(JDBC3Connection.java:205)
	at ConnectSqLite.executeInsert(ConnectSqLite.java:197)
	at App.main(App.java:38)
[2025-02-22 13:24:07.708] [WARNING] Erreur de syntaxe dans la requête
[2025-02-22 13:24:07.708] [WARNING] Requête : " INSERT INTO employees (colonne_inexistante) VALUES (?) " + params[test]
[2025-02-22 13:24:07.710] [INFO] Connexion fermée avec succès
[2025-02-22 13:24:07.711] [INFO] Connexion à SQLite établie avec succès
[2025-02-22 13:24:07.711] [INFO] Requête : " SELECT * FROM employees WHERE departement = ? AND statut = ? " + params[IT, 1]
[2025-02-22 13:24:07.712] [INFO] Requête SELECT exécutée avec succès
[2025-02-22 13:24:07.719] [INFO] Connexion à SQLite établie avec succès
[2025-02-22 13:24:07.719] [INFO] Requête : " SELECT nom, prenom, salaire, departement FROM employees WHERE salaire > ? " + params[50000.0]
[2025-02-22 13:24:07.722] [INFO] Requête SELECT exécutée avec succès, 10 résultats récupérés
[2025-02-22 13:24:07.722] [INFO] Connexion fermée avec succès
[2025-02-22 13:24:07.730] [INFO] Connexion à SQLite établie avec succès
[2025-02-22 13:24:07.730] [INFO] Requête : " UPDATE employees SET salaire = ? WHERE id = ? " + params[60000.0, 1]
[2025-02-22 13:24:07.731] [INFO] Mise à jour réussie: 1 ligne(s) modifiée(s)
[2025-02-22 13:24:07.731] [INFO] Connexion fermée avec succès
[2025-02-22 13:24:07.731] [INFO] Connexion à SQLite établie avec succès
[2025-02-22 13:24:07.732] [INFO] Requête : " UPDATE employees SET salaire = salaire * 1.1 WHERE departement = ? " + params[IT]
[2025-02-22 13:24:07.739] [INFO] Mise à jour réussie: 41 ligne(s) modifiée(s)
[2025-02-22 13:24:07.739] [INFO] Connexion fermée avec succès
[2025-02-22 13:24:07.740] [INFO] Connexion à SQLite établie avec succès
[2025-02-22 13:24:07.741] [INFO] Requête : " DELETE FROM employees WHERE id = ? " + params[6]
[2025-02-22 13:24:07.750] [INFO] Suppression réussie: 1 ligne(s) supprimée(s)
[2025-02-22 13:24:07.750] [INFO] Connexion fermée avec succès
[2025-02-22 13:24:07.751] [INFO] Connexion à SQLite établie avec succès
[2025-02-22 13:24:07.751] [INFO] Requête : " DELETE FROM employees WHERE statut = ? " + params[1]
[2025-02-22 13:24:07.759] [INFO] Suppression réussie: 16 ligne(s) supprimée(s)
[2025-02-22 13:24:07.759] [INFO] Connexion fermée avec succès
[2025-02-22 13:26:06.121] [INFO] Configuration chargée avec succès. URL de la base: jdbc:sqlite:db/db_test.db
[2025-02-22 13:26:06.363] [INFO] Connexion à SQLite établie avec succès
[2025-02-22 13:26:06.376] [INFO] Requête : " INSERT INTO employees (nom, prenom, departement) VALUES (?, ?, ?) " + params[Ylies, Nejara, IT]
[2025-02-22 13:26:06.389] [INFO] Insertion réussie: 1 ligne(s) affectée(s)
[2025-02-22 13:26:06.390] [INFO] Connexion fermée avec succès
[2025-02-22 13:26:06.391] [INFO] Connexion à SQLite établie avec succès
[2025-02-22 13:26:06.391] [INFO] Requête : " INSERT INTO employees (nom, prenom, departement) VALUES (?, ?, ?) " + params[null, TEST, IT]
[2025-02-22 13:26:06.399] [INFO] Insertion réussie: 1 ligne(s) affectée(s)
[2025-02-22 13:26:06.399] [INFO] Connexion fermée avec succès
[2025-02-22 13:26:06.400] [INFO] Connexion à SQLite établie avec succès
[2025-02-22 13:26:06.407] [SEVERE] Erreur SQL lors de l'insertion - Code: 1, État: null, Message: [SQLITE_ERROR] SQL error or missing database (table employees has no column named colonne_inexistante)
Exception: org.sqlite.SQLiteException: [SQLITE_ERROR] SQL error or missing database (table employees has no column named colonne_inexistante)
	at org.sqlite.core.DB.newSQLException(DB.java:1179)
	at org.sqlite.core.DB.newSQLException(DB.java:1190)
	at org.sqlite.core.DB.throwex(DB.java:1150)
	at org.sqlite.core.NativeDB.prepare_utf8(Native Method)
	at org.sqlite.core.NativeDB.prepare(NativeDB.java:135)
	at org.sqlite.core.DB.prepare(DB.java:264)
	at org.sqlite.core.CorePreparedStatement.<init>(CorePreparedStatement.java:46)
	at org.sqlite.jdbc3.JDBC3PreparedStatement.<init>(JDBC3PreparedStatement.java:32)
	at org.sqlite.jdbc4.JDBC4PreparedStatement.<init>(JDBC4PreparedStatement.java:25)
	at org.sqlite.jdbc4.JDBC4Connection.prepareStatement(JDBC4Connection.java:34)
	at org.sqlite.jdbc3.JDBC3Connection.prepareStatement(JDBC3Connection.java:225)
	at org.sqlite.jdbc3.JDBC3Connection.prepareStatement(JDBC3Connection.java:205)
	at ConnectSqLite.executeInsert(ConnectSqLite.java:197)
	at App.main(App.java:38)
[2025-02-22 13:26:06.407] [WARNING] Erreur de syntaxe dans la requête
[2025-02-22 13:26:06.407] [WARNING] Requête : " INSERT INTO employees (colonne_inexistante) VALUES (?) " + params[test]
[2025-02-22 13:26:06.408] [INFO] Connexion fermée avec succès
[2025-02-22 13:26:06.408] [INFO] Connexion à SQLite établie avec succès
[2025-02-22 13:26:06.409] [INFO] Requête : " SELECT * FROM employees WHERE departement = ? AND statut = ? " + params[IT, 1]
[2025-02-22 13:26:06.410] [INFO] Requête SELECT exécutée avec succès
[2025-02-22 13:26:06.411] [INFO] Connexion à SQLite établie avec succès
[2025-02-22 13:26:06.411] [INFO] Requête : " SELECT nom, prenom, salaire, departement FROM employees WHERE salaire > ? " + params[50000.0]
[2025-02-22 13:26:06.412] [INFO] Requête SELECT exécutée avec succès, 0 résultats récupérés
[2025-02-22 13:26:06.412] [INFO] Connexion fermée avec succès
[2025-02-22 13:26:06.413] [INFO] Connexion à SQLite établie avec succès
[2025-02-22 13:26:06.413] [INFO] Requête : " UPDATE employees SET salaire = ? WHERE id = ? " + params[60000.0, 1]
[2025-02-22 13:26:06.413] [WARNING] Aucune ligne modifiée
[2025-02-22 13:26:06.413] [INFO] Connexion fermée avec succès
[2025-02-22 13:26:06.414] [INFO] Connexion à SQLite établie avec succès
[2025-02-22 13:26:06.415] [INFO] Requête : " UPDATE employees SET salaire = salaire * 1.1 WHERE departement = ? " + params[IT]
[2025-02-22 13:26:06.415] [INFO] Mise à jour réussie: 38 ligne(s) modifiée(s)
[2025-02-22 13:26:06.416] [INFO] Connexion fermée avec succès
[2025-02-22 13:26:06.416] [INFO] Connexion à SQLite établie avec succès
[2025-02-22 13:26:06.417] [INFO] Requête : " DELETE FROM employees WHERE id = ? " + params[6]
[2025-02-22 13:26:06.417] [WARNING] Aucune ligne supprimée
[2025-02-22 13:26:06.417] [INFO] Connexion fermée avec succès
[2025-02-22 13:26:06.418] [INFO] Connexion à SQLite établie avec succès
[2025-02-22 13:26:06.418] [INFO] Requête : " DELETE FROM employees WHERE statut = ? " + params[1]
[2025-02-22 13:26:06.418] [WARNING] Aucune ligne supprimée
[2025-02-22 13:26:06.418] [INFO] Connexion fermée avec succès
[2025-02-22 13:26:25.513] [INFO] Configuration chargée avec succès. URL de la base: jdbc:sqlite:db/db_test.db
[2025-02-22 13:26:25.724] [INFO] Connexion à SQLite établie avec succès
[2025-02-22 13:26:25.732] [SEVERE] Erreur lors de la suppression: [SQLITE_ERROR] SQL error or missing database (near "*": syntax error)
Exception: org.sqlite.SQLiteException: [SQLITE_ERROR] SQL error or missing database (near "*": syntax error)
	at org.sqlite.core.DB.newSQLException(DB.java:1179)
	at org.sqlite.core.DB.newSQLException(DB.java:1190)
	at org.sqlite.core.DB.throwex(DB.java:1150)
	at org.sqlite.core.NativeDB.prepare_utf8(Native Method)
	at org.sqlite.core.NativeDB.prepare(NativeDB.java:135)
	at org.sqlite.core.DB.prepare(DB.java:264)
	at org.sqlite.core.CorePreparedStatement.<init>(CorePreparedStatement.java:46)
	at org.sqlite.jdbc3.JDBC3PreparedStatement.<init>(JDBC3PreparedStatement.java:32)
	at org.sqlite.jdbc4.JDBC4PreparedStatement.<init>(JDBC4PreparedStatement.java:25)
	at org.sqlite.jdbc4.JDBC4Connection.prepareStatement(JDBC4Connection.java:34)
	at org.sqlite.jdbc3.JDBC3Connection.prepareStatement(JDBC3Connection.java:225)
	at org.sqlite.jdbc3.JDBC3Connection.prepareStatement(JDBC3Connection.java:205)
	at ConnectSqLite.executeDelete(ConnectSqLite.java:509)
	at test.main(test.java:8)
[2025-02-22 13:26:25.737] [WARNING] Requête : " delete * from employees " + params[]
[2025-02-22 13:26:25.738] [INFO] Connexion fermée avec succès
[2025-02-22 13:27:04.322] [INFO] Configuration chargée avec succès. URL de la base: jdbc:sqlite:db/db_test.db
[2025-02-22 13:27:04.533] [INFO] Connexion à SQLite établie avec succès
[2025-02-22 13:27:04.548] [INFO] Requête : " delete from employees " + params[]
[2025-02-22 13:27:04.561] [INFO] Suppression réussie: 38 ligne(s) supprimée(s)
[2025-02-22 13:27:04.561] [INFO] Connexion fermée avec succès
