[2025-02-22 15:09:04.048] [INFO] Nouveau fichier de log créé: src/logs/database_2025-02-22_15-09-04.log
[2025-02-22 15:09:04.054] [INFO] Configuration chargée avec succès. URL de la base: jdbc:sqlite:db/db_test.db
[2025-02-22 15:09:04.270] [INFO] Connexion à SQLite établie avec succès
[2025-02-22 15:09:04.277] [INFO] Requête : " SELECT * FROM employees "
Params[]
[2025-02-22 15:09:04.281] [INFO] Requête SELECT exécutée avec succès, 8 résultats récupérés
[2025-02-22 15:09:04.281] [INFO] Connexion fermée avec succès
[2025-02-22 15:09:15.905] [INFO] Connexion à SQLite établie avec succès
[2025-02-22 15:09:15.908] [INFO] Requête : " SELECT * FROM employees "
Params[]
[2025-02-22 15:09:15.908] [INFO] Requête SELECT exécutée avec succès, 8 résultats récupérés
[2025-02-22 15:09:15.908] [INFO] Connexion fermée avec succès
[2025-02-22 15:09:17.482] [INFO] Connexion à SQLite établie avec succès
[2025-02-22 15:09:17.482] [INFO] Requête : " SELECT * FROM employees "
Params[]
[2025-02-22 15:09:17.483] [INFO] Requête SELECT exécutée avec succès, 8 résultats récupérés
[2025-02-22 15:09:17.483] [INFO] Connexion fermée avec succès
[2025-02-22 15:09:24.492] [INFO] Connexion à SQLite établie avec succès
[2025-02-22 15:09:24.492] [INFO] Requête : " SELECT * FROM employees "
Params[]
[2025-02-22 15:09:24.492] [INFO] Requête SELECT exécutée avec succès, 8 résultats récupérés
[2025-02-22 15:09:24.493] [INFO] Connexion fermée avec succès
[2025-02-22 15:09:24.877] [INFO] Connexion à SQLite établie avec succès
[2025-02-22 15:09:24.878] [INFO] Requête : " SELECT * FROM employees "
Params[]
[2025-02-22 15:09:24.878] [INFO] Requête SELECT exécutée avec succès, 8 résultats récupérés
[2025-02-22 15:09:24.878] [INFO] Connexion fermée avec succès
[2025-02-22 15:09:25.108] [INFO] Connexion à SQLite établie avec succès
[2025-02-22 15:09:25.109] [INFO] Requête : " SELECT * FROM employees "
Params[]
[2025-02-22 15:09:25.109] [INFO] Requête SELECT exécutée avec succès, 8 résultats récupérés
[2025-02-22 15:09:25.110] [INFO] Connexion fermée avec succès
[2025-02-22 15:09:25.760] [INFO] Connexion à SQLite établie avec succès
[2025-02-22 15:09:25.760] [INFO] Requête : " INSERT INTO employees (nom, age, departement) VALUES (?, ?, ?) "
Params[Ylies, 12, IT]
[2025-02-22 15:09:25.771] [INFO] Insertion réussie: 1 ligne(s) affectée(s)
[2025-02-22 15:09:25.771] [INFO] Connexion fermée avec succès
[2025-02-22 15:09:30.326] [INFO] Connexion à SQLite établie avec succès
[2025-02-22 15:09:30.326] [INFO] Requête : " SELECT * FROM employees "
Params[]
[2025-02-22 15:09:30.326] [INFO] Requête SELECT exécutée avec succès, 9 résultats récupérés
[2025-02-22 15:09:30.326] [INFO] Connexion fermée avec succès
